<?xml version="1.0" encoding="UTF-8"?>
<!-- Generated by org.testng.reporters.JUnitReportReporter -->
<testsuite hostname="360LP043" name="com.rallyteam.Tests.RallyTeamTest" tests="4" failures="0" timestamp="16 Aug 2016 05:12:42 GMT" time="288.890" errors="0">
  <testcase name="testRegistrationProcess" time="45.052" classname="com.rallyteam.Tests.RallyTeamTest"/>
  <testcase name="testPostingAMessageInTheDiscussionFeed" time="96.271" classname="com.rallyteam.Tests.RallyTeamTest"/>
  <testcase name="testCreateGroup" time="57.447" classname="com.rallyteam.Tests.RallyTeamTest"/>
  <testcase name="testCreateAProjectAndAddAnUserIntoProject" time="90.120" classname="com.rallyteam.Tests.RallyTeamTest"/>
</testsuite> <!-- com.rallyteam.Tests.RallyTeamTest -->
